{
  "RSpec": {
    "coverage": {
      "/Users/jamesclark/Coding/makers-course/week10/bank-tech-test/spec/account_spec.rb": [
        1,
        null,
        1,
        null,
        5,
        5,
        5,
        null,
        1,
        1,
        1,
        1,
        1,
        1,
        null,
        null,
        1,
        1,
        1,
        1,
        1,
        1,
        1,
        null,
        null,
        null,
        1,
        1,
        1,
        1,
        1,
        1,
        1,
        1,
        null,
        null,
        1,
        2,
        null,
        null,
        null,
        null
      ],
      "/Users/jamesclark/Coding/makers-course/week10/bank-tech-test/lib/account.rb": [
        1,
        1,
        1,
        4,
        4,
        null,
        null,
        1,
        4,
        null,
        null,
        1,
        2,
        1,
        null,
        1,
        null,
        null,
        null,
        1,
        null,
        1,
        2,
        null,
        null
      ],
      "/Users/jamesclark/Coding/makers-course/week10/bank-tech-test/spec/transaction_spec.rb": [
        1,
        1,
        null,
        1,
        null,
        1,
        1,
        1,
        1,
        1,
        1,
        1,
        null,
        null,
        null,
        1,
        1,
        1,
        1,
        1,
        1,
        1,
        null,
        null,
        null,
        1,
        1,
        1,
        1,
        null,
        null,
        1,
        1,
        1,
        1,
        null,
        null,
        null
      ],
      "/Users/jamesclark/Coding/makers-course/week10/bank-tech-test/lib/transaction.rb": [
        1,
        null,
        1,
        1,
        1,
        4,
        4,
        4,
        null,
        null,
        1,
        1,
        1,
        1,
        null,
        null,
        1,
        1,
        1,
        1,
        null,
        null,
        1,
        null,
        1,
        2,
        2,
        2,
        null,
        null
      ]
    },
    "timestamp": 1574086142
  }
}
